build/app/intermediates/manifest_merge_blame_file/debug/manifest-merger-blame-debug-report.txt
1<?xml version="1.0" encoding="utf-8"?>
2<manifest xmlns:android="http://schemas.android.com/apk/res/android"
3    package="com.myapp.cvmaker"
4    android:versionCode="1"
5    android:versionName="1.0.0" >
6
7    <uses-sdk
8        android:minSdkVersion="21"
9        android:targetSdkVersion="33" />
10    <!--
11         The INTERNET permission is required for development. Specifically,
12         the Flutter tool needs it to communicate with the running application
13         to allow setting breakpoints, to provide hot reload, etc.
14    -->
15    <uses-permission android:name="android.permission.INTERNET" />
15-->src/debug/AndroidManifest.xml:7:5-66
15-->src/debug/AndroidManifest.xml:7:22-64
16    <uses-permission android:name="android.permission.READ_EXTERNAL_STORAGE" />
16-->src/main/AndroidManifest.xml:4:5-80
16-->src/main/AndroidManifest.xml:4:22-77
17    <uses-permission android:name="android.permission.WRITE_EXTERNAL_STORAGE" />
17-->src/main/AndroidManifest.xml:5:5-81
17-->src/main/AndroidManifest.xml:5:22-78
18    <uses-permission android:name="com.android.vending.BILLING" />
18-->[com.android.billingclient:billing:6.0.1] AndroidManifest.xml:10:5-67
18-->[com.android.billingclient:billing:6.0.1] AndroidManifest.xml:10:22-64
19
20    <queries>
20-->[com.android.billingclient:billing:6.0.1] AndroidManifest.xml:12:5-16:15
21        <intent>
21-->[com.android.billingclient:billing:6.0.1] AndroidManifest.xml:13:9-15:18
22            <action android:name="com.android.vending.billing.InAppBillingService.BIND" />
22-->[com.android.billingclient:billing:6.0.1] AndroidManifest.xml:14:13-91
22-->[com.android.billingclient:billing:6.0.1] AndroidManifest.xml:14:21-88
23        </intent>
24    </queries> <!-- Although the *SdkVersion is captured in gradle build files, this is required for non gradle builds -->
25    <!-- <uses-sdk android:minSdkVersion="14"/> -->
26    <uses-permission android:name="android.permission.ACCESS_NETWORK_STATE" />
26-->[com.google.android.datatransport:transport-backend-cct:3.1.8] AndroidManifest.xml:24:5-79
26-->[com.google.android.datatransport:transport-backend-cct:3.1.8] AndroidManifest.xml:24:22-76
27
28    <application
29        android:name="android.app.Application"
30        android:appComponentFactory="androidx.core.app.CoreComponentFactory"
30-->[androidx.core:core:1.8.0] AndroidManifest.xml:24:18-86
31        android:debuggable="true"
32        android:icon="@mipmap/ic_launcher"
33        android:label="CV Maker" >
34        <activity
35            android:name="com.example.flutter_cvmaker.MainActivity"
36            android:configChanges="orientation|keyboardHidden|keyboard|screenSize|smallestScreenSize|locale|layoutDirection|fontScale|screenLayout|density|uiMode"
37            android:exported="true"
38            android:hardwareAccelerated="true"
39            android:launchMode="singleTop"
40            android:theme="@style/LaunchTheme"
41            android:windowSoftInputMode="adjustResize" >
42
43            <!--
44                 Specifies an Android theme to apply to this Activity as soon as
45                 the Android process has started. This theme is visible to the user
46                 while the Flutter UI initializes. After that, this theme continues
47                 to determine the Window background behind the Flutter UI.
48            -->
49            <meta-data
50                android:name="io.flutter.embedding.android.NormalTheme"
51                android:resource="@style/NormalTheme" />
52
53            <intent-filter>
54                <action android:name="android.intent.action.MAIN" />
55
56                <category android:name="android.intent.category.LAUNCHER" />
57            </intent-filter>
58        </activity>
59        <!--
60             Don't delete the meta-data below.
61             This is used by the Flutter tool to generate GeneratedPluginRegistrant.java
62        -->
63        <meta-data
64            android:name="flutterEmbedding"
65            android:value="2" />
66
67        <activity
68            android:name="com.yalantis.ucrop.UCropActivity"
69            android:screenOrientation="fullSensor"
70            android:theme="@style/Theme.AppCompat.Light.NoActionBar" />
71
72        <provider
72-->[:image_picker_android] AndroidManifest.xml:10:9-18:20
73            android:name="io.flutter.plugins.imagepicker.ImagePickerFileProvider"
73-->[:image_picker_android] AndroidManifest.xml:11:13-82
74            android:authorities="com.myapp.cvmaker.flutter.image_provider"
74-->[:image_picker_android] AndroidManifest.xml:12:13-74
75            android:exported="false"
75-->[:image_picker_android] AndroidManifest.xml:13:13-37
76            android:grantUriPermissions="true" >
76-->[:image_picker_android] AndroidManifest.xml:14:13-47
77            <meta-data
77-->[:image_picker_android] AndroidManifest.xml:15:13-17:75
78                android:name="android.support.FILE_PROVIDER_PATHS"
78-->[:image_picker_android] AndroidManifest.xml:16:17-67
79                android:resource="@xml/flutter_image_picker_file_paths" />
79-->[:image_picker_android] AndroidManifest.xml:17:17-72
80        </provider>
81
82        <uses-library
82-->[androidx.window:window:1.0.0-beta04] AndroidManifest.xml:25:9-27:40
83            android:name="androidx.window.extensions"
83-->[androidx.window:window:1.0.0-beta04] AndroidManifest.xml:26:13-54
84            android:required="false" />
84-->[androidx.window:window:1.0.0-beta04] AndroidManifest.xml:27:13-37
85        <uses-library
85-->[androidx.window:window:1.0.0-beta04] AndroidManifest.xml:28:9-30:40
86            android:name="androidx.window.sidecar"
86-->[androidx.window:window:1.0.0-beta04] AndroidManifest.xml:29:13-51
87            android:required="false" />
87-->[androidx.window:window:1.0.0-beta04] AndroidManifest.xml:30:13-37
88
89        <meta-data
89-->[com.android.billingclient:billing:6.0.1] AndroidManifest.xml:19:9-21:37
90            android:name="com.google.android.play.billingclient.version"
90-->[com.android.billingclient:billing:6.0.1] AndroidManifest.xml:20:13-73
91            android:value="6.0.1" />
91-->[com.android.billingclient:billing:6.0.1] AndroidManifest.xml:21:13-34
92
93        <activity
93-->[com.android.billingclient:billing:6.0.1] AndroidManifest.xml:23:9-27:75
94            android:name="com.android.billingclient.api.ProxyBillingActivity"
94-->[com.android.billingclient:billing:6.0.1] AndroidManifest.xml:24:13-78
95            android:configChanges="keyboard|keyboardHidden|screenLayout|screenSize|orientation"
95-->[com.android.billingclient:billing:6.0.1] AndroidManifest.xml:25:13-96
96            android:exported="false"
96-->[com.android.billingclient:billing:6.0.1] AndroidManifest.xml:26:13-37
97            android:theme="@android:style/Theme.Translucent.NoTitleBar" />
97-->[com.android.billingclient:billing:6.0.1] AndroidManifest.xml:27:13-72
98
99        <service
99-->[com.google.android.datatransport:transport-backend-cct:3.1.8] AndroidManifest.xml:28:9-34:19
100            android:name="com.google.android.datatransport.runtime.backends.TransportBackendDiscovery"
100-->[com.google.android.datatransport:transport-backend-cct:3.1.8] AndroidManifest.xml:29:13-103
101            android:exported="false" >
101-->[com.google.android.datatransport:transport-backend-cct:3.1.8] AndroidManifest.xml:30:13-37
102            <meta-data
102-->[com.google.android.datatransport:transport-backend-cct:3.1.8] AndroidManifest.xml:31:13-33:39
103                android:name="backend:com.google.android.datatransport.cct.CctBackendFactory"
103-->[com.google.android.datatransport:transport-backend-cct:3.1.8] AndroidManifest.xml:32:17-94
104                android:value="cct" />
104-->[com.google.android.datatransport:transport-backend-cct:3.1.8] AndroidManifest.xml:33:17-36
105        </service>
106        <service
106-->[com.google.android.datatransport:transport-runtime:3.1.8] AndroidManifest.xml:26:9-30:19
107            android:name="com.google.android.datatransport.runtime.scheduling.jobscheduling.JobInfoSchedulerService"
107-->[com.google.android.datatransport:transport-runtime:3.1.8] AndroidManifest.xml:27:13-117
108            android:exported="false"
108-->[com.google.android.datatransport:transport-runtime:3.1.8] AndroidManifest.xml:28:13-37
109            android:permission="android.permission.BIND_JOB_SERVICE" >
109-->[com.google.android.datatransport:transport-runtime:3.1.8] AndroidManifest.xml:29:13-69
110        </service>
111
112        <receiver
112-->[com.google.android.datatransport:transport-runtime:3.1.8] AndroidManifest.xml:32:9-34:40
113            android:name="com.google.android.datatransport.runtime.scheduling.jobscheduling.AlarmManagerSchedulerBroadcastReceiver"
113-->[com.google.android.datatransport:transport-runtime:3.1.8] AndroidManifest.xml:33:13-132
114            android:exported="false" />
114-->[com.google.android.datatransport:transport-runtime:3.1.8] AndroidManifest.xml:34:13-37
115    </application>
116
117</manifest>